<?xml version="1.0"?><coverage lines-covered="290" lines-valid="1491" line-rate="0.19450033534540576" branches-covered="0" branches-valid="0" branch-rate="0" complexity="0" version="1.9" timestamp="1697371335"><sources><source>/home/stas/ws/wasi4ic/ic-wasi-polyfill</source></sources><packages><package name="src" line-rate="0.19450033534540576" branch-rate="0" complexity="0"><classes><class name="environment" filename="src/environment.rs" line-rate="1" branch-rate="0" complexity="0"><methods/><lines><line number="10" hits="4"/><line number="13" hits="5"/><line number="18" hits="1"/><line number="19" hits="1"/><line number="27" hits="1"/><line number="28" hits="1"/><line number="29" hits="1"/><line number="31" hits="1"/><line number="33" hits="3"/><line number="34" hits="1"/><line number="35" hits="1"/><line number="37" hits="1"/><line number="39" hits="2"/><line number="41" hits="2"/><line number="43" hits="2"/><line number="50" hits="3"/><line number="51" hits="4"/><line number="52" hits="3"/><line number="54" hits="5"/><line number="55" hits="2"/><line number="56" hits="4"/><line number="58" hits="1"/><line number="59" hits="5"/><line number="60" hits="4"/></lines></class><class name="lib" filename="src/lib.rs" line-rate="0.3008474576271186" branch-rate="0" complexity="0"><methods/><lines><line number="47" hits="1"/><line number="48" hits="1"/><line number="51" hits="0"/><line number="52" hits="0"/><line number="54" hits="0"/><line number="56" hits="0"/><line number="57" hits="0"/><line number="58" hits="0"/><line number="59" hits="0"/><line number="60" hits="0"/><line number="63" hits="0"/><line number="65" hits="0"/><line number="69" hits="0"/><line number="70" hits="4"/><line number="72" hits="1"/><line number="74" hits="1"/><line number="75" hits="2"/><line number="77" hits="0"/><line number="82" hits="9"/><line number="86" hits="0"/><line number="87" hits="0"/><line number="88" hits="0"/><line number="89" hits="0"/><line number="91" hits="0"/><line number="92" hits="0"/><line number="94" hits="0"/><line number="95" hits="0"/><line number="96" hits="0"/><line number="97" hits="0"/><line number="100" hits="0"/><line number="101" hits="0"/><line number="102" hits="0"/><line number="103" hits="0"/><line number="104" hits="0"/><line number="105" hits="0"/><line number="106" hits="0"/><line number="114" hits="1"/><line number="121" hits="1"/><line number="123" hits="1"/><line number="124" hits="0"/><line number="126" hits="2"/><line number="127" hits="1"/><line number="128" hits="1"/><line number="129" hits="2"/><line number="131" hits="1"/><line number="132" hits="1"/><line number="133" hits="2"/><line number="134" hits="3"/><line number="136" hits="1"/><line number="137" hits="0"/><line number="138" hits="0"/><line number="144" hits="0"/><line number="145" hits="2"/><line number="147" hits="1"/><line number="153" hits="1"/><line number="160" hits="1"/><line number="163" hits="1"/><line number="164" hits="0"/><line number="167" hits="2"/><line number="168" hits="1"/><line number="169" hits="1"/><line number="171" hits="0"/><line number="172" hits="2"/><line number="174" hits="1"/><line number="175" hits="1"/><line number="176" hits="2"/><line number="177" hits="2"/><line number="179" hits="0"/><line number="180" hits="0"/><line number="181" hits="0"/><line number="187" hits="0"/><line number="188" hits="3"/><line number="190" hits="1"/><line number="196" hits="1"/><line number="204" hits="1"/><line number="206" hits="2"/><line number="207" hits="0"/><line number="209" hits="2"/><line number="210" hits="1"/><line number="211" hits="1"/><line number="212" hits="2"/><line number="213" hits="1"/><line number="214" hits="1"/><line number="215" hits="2"/><line number="217" hits="2"/><line number="219" hits="0"/><line number="220" hits="0"/><line number="221" hits="0"/><line number="227" hits="0"/><line number="228" hits="2"/><line number="230" hits="1"/><line number="236" hits="1"/><line number="244" hits="1"/><line number="247" hits="1"/><line number="248" hits="0"/><line number="251" hits="2"/><line number="252" hits="1"/><line number="253" hits="1"/><line number="255" hits="0"/><line number="256" hits="2"/><line number="258" hits="1"/><line number="260" hits="1"/><line number="261" hits="2"/><line number="262" hits="2"/><line number="263" hits="2"/><line number="265" hits="0"/><line number="266" hits="0"/><line number="267" hits="0"/><line number="273" hits="0"/><line number="274" hits="3"/><line number="276" hits="0"/><line number="280" hits="1"/><line number="286" hits="0"/><line number="293" hits="0"/><line number="296" hits="0"/><line number="297" hits="0"/><line number="300" hits="0"/><line number="301" hits="0"/><line number="303" hits="0"/><line number="304" hits="1"/><line number="305" hits="0"/><line number="306" hits="0"/><line number="307" hits="0"/><line number="309" hits="0"/><line number="310" hits="0"/><line number="312" hits="0"/><line number="314" hits="0"/><line number="315" hits="0"/><line number="316" hits="0"/><line number="322" hits="0"/><line number="323" hits="0"/><line number="325" hits="0"/><line number="329" hits="0"/><line number="335" hits="2"/><line number="349" hits="2"/><line number="353" hits="2"/><line number="354" hits="2"/><line number="356" hits="4"/><line number="357" hits="2"/><line number="359" hits="2"/><line number="360" hits="2"/><line number="361" hits="4"/><line number="362" hits="4"/><line number="365" hits="2"/><line number="367" hits="2"/><line number="369" hits="2"/><line number="371" hits="2"/><line number="372" hits="2"/><line number="373" hits="6"/><line number="374" hits="6"/><line number="376" hits="0"/><line number="377" hits="0"/><line number="378" hits="0"/><line number="383" hits="0"/><line number="384" hits="6"/><line number="386" hits="0"/><line number="390" hits="0"/><line number="395" hits="2"/><line number="397" hits="2"/><line number="399" hits="4"/><line number="400" hits="2"/><line number="402" hits="2"/><line number="403" hits="2"/><line number="404" hits="0"/><line number="408" hits="0"/><line number="409" hits="4"/><line number="411" hits="0"/><line number="416" hits="0"/><line number="418" hits="0"/><line number="420" hits="0"/><line number="421" hits="0"/><line number="422" hits="0"/><line number="424" hits="0"/><line number="425" hits="0"/><line number="426" hits="0"/><line number="427" hits="0"/><line number="428" hits="0"/><line number="429" hits="0"/><line number="430" hits="0"/><line number="431" hits="0"/><line number="432" hits="0"/><line number="433" hits="0"/><line number="434" hits="0"/><line number="437" hits="0"/><line number="438" hits="0"/><line number="439" hits="0"/><line number="442" hits="0"/><line number="444" hits="0"/><line number="448" hits="0"/><line number="449" hits="0"/><line number="451" hits="0"/><line number="456" hits="0"/><line number="458" hits="0"/><line number="460" hits="0"/><line number="462" hits="0"/><line number="463" hits="0"/><line number="465" hits="0"/><line number="471" hits="0"/><line number="473" hits="0"/><line number="476" hits="0"/><line number="477" hits="0"/><line number="480" hits="0"/><line number="481" hits="0"/><line number="483" hits="0"/><line number="484" hits="0"/><line number="485" hits="0"/><line number="486" hits="0"/><line number="488" hits="0"/><line number="490" hits="0"/><line number="491" hits="0"/><line number="492" hits="0"/><line number="498" hits="0"/><line number="499" hits="0"/><line number="501" hits="0"/><line number="507" hits="1"/><line number="509" hits="1"/><line number="511" hits="2"/><line number="512" hits="1"/><line number="514" hits="3"/><line number="515" hits="2"/><line number="517" hits="1"/><line number="518" hits="0"/><line number="519" hits="1"/><line number="520" hits="1"/><line number="521" hits="0"/><line number="526" hits="0"/><line number="527" hits="1"/><line number="530" hits="2"/><line number="532" hits="2"/><line number="536" hits="0"/><line number="537" hits="2"/><line number="539" hits="0"/><line number="543" hits="0"/><line number="549" hits="1"/><line number="555" hits="1"/><line number="557" hits="1"/><line number="559" hits="2"/><line number="560" hits="1"/><line number="562" hits="3"/><line number="563" hits="2"/><line number="565" hits="2"/><line number="566" hits="0"/><line number="567" hits="2"/><line number="571" hits="2"/><line number="573" hits="0"/><line number="577" hits="0"/><line number="578" hits="2"/><line number="580" hits="0"/><line number="585" hits="0"/><line number="587" hits="0"/><line number="589" hits="0"/><line number="591" hits="0"/><line number="592" hits="0"/><line number="595" hits="0"/><line number="597" hits="0"/><line number="598" hits="3"/><line number="601" hits="0"/><line number="602" hits="0"/><line number="606" hits="0"/><line number="607" hits="0"/><line number="609" hits="0"/><line number="613" hits="0"/><line number="614" hits="0"/><line number="617" hits="0"/><line number="622" hits="4"/><line number="625" hits="0"/><line number="627" hits="0"/><line number="629" hits="2"/><line number="631" hits="0"/><line number="632" hits="0"/><line number="635" hits="0"/><line number="636" hits="0"/><line number="640" hits="0"/><line number="641" hits="0"/><line number="643" hits="0"/><line number="647" hits="0"/><line number="652" hits="0"/><line number="654" hits="0"/><line number="656" hits="0"/><line number="658" hits="0"/><line number="659" hits="0"/><line number="662" hits="0"/><line number="663" hits="0"/><line number="669" hits="2"/><line number="670" hits="0"/><line number="672" hits="1"/><line number="678" hits="1"/><line number="680" hits="0"/><line number="682" hits="0"/><line number="683" hits="0"/><line number="685" hits="0"/><line number="687" hits="0"/><line number="688" hits="1"/><line number="689" hits="0"/><line number="690" hits="0"/><line number="691" hits="0"/><line number="692" hits="0"/><line number="693" hits="0"/><line number="696" hits="0"/><line number="697" hits="0"/><line number="700" hits="0"/><line number="702" hits="0"/><line number="706" hits="0"/><line number="707" hits="0"/><line number="709" hits="0"/><line number="714" hits="0"/><line number="716" hits="0"/><line number="718" hits="0"/><line number="719" hits="0"/><line number="721" hits="0"/><line number="723" hits="0"/><line number="725" hits="0"/><line number="726" hits="0"/><line number="727" hits="0"/><line number="729" hits="0"/><line number="730" hits="0"/><line number="733" hits="0"/><line number="735" hits="0"/><line number="736" hits="0"/><line number="737" hits="1"/><line number="740" hits="0"/><line number="744" hits="0"/><line number="745" hits="0"/><line number="747" hits="0"/><line number="751" hits="0"/><line number="756" hits="1"/><line number="762" hits="0"/><line number="764" hits="0"/><line number="765" hits="2"/><line number="767" hits="1"/><line number="769" hits="0"/><line number="770" hits="0"/><line number="771" hits="0"/><line number="772" hits="0"/><line number="774" hits="1"/><line number="775" hits="0"/><line number="776" hits="0"/><line number="779" hits="1"/><line number="783" hits="1"/><line number="784" hits="1"/><line number="786" hits="0"/><line number="790" hits="0"/><line number="794" hits="0"/><line number="796" hits="1"/><line number="798" hits="3"/><line number="800" hits="0"/><line number="801" hits="1"/><line number="803" hits="0"/><line number="805" hits="0"/><line number="806" hits="0"/><line number="809" hits="0"/><line number="811" hits="0"/><line number="816" hits="0"/><line number="818" hits="0"/><line number="822" hits="0"/><line number="826" hits="0"/><line number="833" hits="0"/><line number="835" hits="0"/><line number="837" hits="0"/><line number="838" hits="0"/><line number="839" hits="0"/><line number="840" hits="0"/><line number="842" hits="0"/><line number="844" hits="0"/><line number="845" hits="0"/><line number="846" hits="0"/><line number="848" hits="0"/><line number="849" hits="0"/><line number="852" hits="1"/><line number="853" hits="0"/><line number="856" hits="0"/><line number="857" hits="0"/><line number="860" hits="0"/><line number="861" hits="0"/><line number="864" hits="0"/><line number="866" hits="0"/><line number="870" hits="0"/><line number="871" hits="0"/><line number="873" hits="0"/><line number="877" hits="1"/><line number="882" hits="1"/><line number="890" hits="1"/><line number="892" hits="2"/><line number="893" hits="1"/><line number="894" hits="2"/><line number="897" hits="0"/><line number="898" hits="2"/><line number="900" hits="0"/><line number="905" hits="0"/><line number="907" hits="0"/><line number="909" hits="0"/><line number="910" hits="0"/><line number="912" hits="0"/><line number="914" hits="0"/><line number="915" hits="0"/><line number="916" hits="0"/><line number="920" hits="0"/><line number="921" hits="0"/><line number="923" hits="0"/><line number="927" hits="0"/><line number="933" hits="1"/><line number="935" hits="1"/><line number="937" hits="1"/><line number="938" hits="2"/><line number="939" hits="1"/><line number="940" hits="3"/><line number="943" hits="0"/><line number="944" hits="2"/><line number="946" hits="2"/><line number="952" hits="1"/><line number="957" hits="1"/><line number="959" hits="2"/><line number="960" hits="1"/><line number="962" hits="2"/><line number="965" hits="0"/><line number="966" hits="2"/><line number="968" hits="1"/><line number="974" hits="1"/><line number="979" hits="1"/><line number="981" hits="2"/><line number="982" hits="1"/><line number="983" hits="2"/><line number="985" hits="1"/><line number="986" hits="2"/><line number="989" hits="0"/><line number="990" hits="2"/><line number="992" hits="0"/><line number="996" hits="1"/><line number="997" hits="1"/><line number="1002" hits="1"/><line number="1003" hits="0"/><line number="1004" hits="1"/><line number="1006" hits="1"/><line number="1008" hits="0"/><line number="1014" hits="1"/><line number="1018" hits="0"/><line number="1019" hits="1"/><line number="1021" hits="1"/><line number="1022" hits="2"/><line number="1023" hits="0"/><line number="1029" hits="1"/><line number="1030" hits="1"/><line number="1032" hits="0"/><line number="1033" hits="1"/><line number="1035" hits="1"/><line number="1036" hits="1"/><line number="1042" hits="1"/><line number="1047" hits="1"/><line number="1049" hits="0"/><line number="1050" hits="1"/><line number="1052" hits="1"/><line number="1053" hits="1"/><line number="1059" hits="1"/><line number="1065" hits="1"/><line number="1067" hits="1"/><line number="1069" hits="2"/><line number="1070" hits="1"/><line number="1072" hits="1"/><line number="1073" hits="1"/><line number="1074" hits="0"/><line number="1075" hits="0"/><line number="1078" hits="1"/><line number="1080" hits="1"/><line number="1082" hits="1"/><line number="1083" hits="1"/><line number="1084" hits="2"/><line number="1085" hits="1"/><line number="1087" hits="0"/><line number="1091" hits="0"/><line number="1092" hits="2"/><line number="1094" hits="0"/><line number="1098" hits="0"/><line number="1104" hits="0"/><line number="1112" hits="0"/><line number="1113" hits="0"/><line number="1115" hits="0"/><line number="1116" hits="0"/><line number="1117" hits="0"/><line number="1119" hits="0"/><line number="1120" hits="0"/><line number="1121" hits="0"/><line number="1122" hits="0"/><line number="1125" hits="0"/><line number="1127" hits="0"/><line number="1129" hits="0"/><line number="1130" hits="0"/><line number="1131" hits="0"/><line number="1133" hits="0"/><line number="1134" hits="0"/><line number="1135" hits="0"/><line number="1136" hits="0"/><line number="1137" hits="0"/><line number="1138" hits="0"/><line number="1139" hits="0"/><line number="1140" hits="0"/><line number="1141" hits="0"/><line number="1142" hits="0"/><line number="1143" hits="0"/><line number="1145" hits="0"/><line number="1146" hits="0"/><line number="1148" hits="0"/><line number="1149" hits="0"/><line number="1150" hits="0"/><line number="1154" hits="0"/><line number="1158" hits="0"/><line number="1159" hits="0"/><line number="1161" hits="0"/><line number="1165" hits="0"/><line number="1170" hits="0"/><line number="1180" hits="0"/><line number="1181" hits="0"/><line number="1182" hits="0"/><line number="1184" hits="0"/><line number="1185" hits="0"/><line number="1187" hits="0"/><line number="1188" hits="0"/><line number="1189" hits="0"/><line number="1190" hits="0"/><line number="1193" hits="0"/><line number="1194" hits="0"/><line number="1195" hits="0"/><line number="1197" hits="0"/><line number="1199" hits="0"/><line number="1201" hits="0"/><line number="1202" hits="0"/><line number="1203" hits="0"/><line number="1205" hits="0"/><line number="1206" hits="0"/><line number="1207" hits="0"/><line number="1209" hits="0"/><line number="1210" hits="0"/><line number="1213" hits="0"/><line number="1214" hits="0"/><line number="1217" hits="0"/><line number="1218" hits="0"/><line number="1221" hits="0"/><line number="1222" hits="0"/><line number="1225" hits="0"/><line number="1227" hits="0"/><line number="1229" hits="0"/><line number="1230" hits="0"/><line number="1231" hits="0"/><line number="1234" hits="0"/><line number="1235" hits="0"/><line number="1236" hits="0"/><line number="1240" hits="0"/><line number="1244" hits="0"/><line number="1245" hits="0"/><line number="1247" hits="0"/><line number="1251" hits="0"/><line number="1256" hits="0"/><line number="1266" hits="0"/><line number="1267" hits="0"/><line number="1268" hits="0"/><line number="1269" hits="0"/><line number="1271" hits="0"/><line number="1272" hits="0"/><line number="1274" hits="0"/><line number="1276" hits="0"/><line number="1277" hits="0"/><line number="1278" hits="0"/><line number="1279" hits="0"/><line number="1281" hits="0"/><line number="1285" hits="0"/><line number="1286" hits="0"/><line number="1288" hits="0"/><line number="1294" hits="0"/><line number="1302" hits="0"/><line number="1308" hits="0"/><line number="1314" hits="0"/><line number="1315" hits="0"/><line number="1317" hits="0"/><line number="1318" hits="0"/><line number="1320" hits="0"/><line number="1321" hits="0"/><line number="1322" hits="0"/><line number="1323" hits="0"/><line number="1327" hits="0"/><line number="1328" hits="0"/><line number="1330" hits="0"/><line number="1334" hits="0"/><line number="1339" hits="0"/><line number="1348" hits="0"/><line number="1350" hits="0"/><line number="1351" hits="0"/><line number="1353" hits="0"/><line number="1354" hits="0"/><line number="1356" hits="0"/><line number="1358" hits="0"/><line number="1359" hits="0"/><line number="1360" hits="0"/><line number="1361" hits="0"/><line number="1363" hits="0"/><line number="1367" hits="0"/><line number="1368" hits="0"/><line number="1370" hits="0"/><line number="1376" hits="0"/><line number="1383" hits="0"/><line number="1389" hits="0"/><line number="1395" hits="0"/><line number="1397" hits="0"/><line number="1399" hits="0"/><line number="1400" hits="0"/><line number="1402" hits="0"/><line number="1403" hits="0"/><line number="1404" hits="0"/><line number="1405" hits="0"/><line number="1409" hits="0"/><line number="1410" hits="0"/><line number="1412" hits="0"/><line number="1416" hits="0"/><line number="1422" hits="0"/><line number="1428" hits="0"/><line number="1435" hits="0"/><line number="1436" hits="0"/><line number="1442" hits="0"/><line number="1444" hits="0"/><line number="1450" hits="0"/><line number="1451" hits="0"/><line number="1458" hits="0"/><line number="1466" hits="0"/><line number="1473" hits="0"/><line number="1480" hits="0"/><line number="1487" hits="0"/><line number="1488" hits="0"/><line number="1492" hits="0"/><line number="1493" hits="7"/><line number="1496" hits="3"/><line number="1497" hits="6"/><line number="1498" hits="3"/><line number="1499" hits="0"/><line number="1506" hits="0"/><line number="1507" hits="0"/><line number="1512" hits="9"/><line number="1513" hits="9"/><line number="1514" hits="0"/><line number="1517" hits="2"/><line number="1519" hits="2"/><line number="1520" hits="0"/><line number="1522" hits="4"/><line number="1523" hits="2"/><line number="1524" hits="3"/><line number="1530" hits="7"/><line number="1531" hits="7"/><line number="1533" hits="14"/><line number="1534" hits="7"/><line number="1536" hits="0"/><line number="1537" hits="0"/><line number="1538" hits="0"/><line number="1539" hits="0"/><line number="1540" hits="0"/><line number="1542" hits="0"/><line number="1543" hits="0"/><line number="1545" hits="0"/><line number="1546" hits="0"/><line number="1548" hits="0"/><line number="1549" hits="0"/><line number="1551" hits="0"/><line number="1552" hits="0"/><line number="1553" hits="0"/><line number="1554" hits="0"/><line number="1556" hits="0"/><line number="1557" hits="0"/><line number="1558" hits="0"/><line number="1559" hits="0"/><line number="1560" hits="0"/><line number="1561" hits="0"/><line number="1562" hits="0"/><line number="1563" hits="0"/><line number="1564" hits="0"/><line number="1565" hits="0"/><line number="1566" hits="0"/><line number="1567" hits="0"/><line number="1568" hits="0"/><line number="1569" hits="0"/><line number="1570" hits="0"/><line number="1571" hits="0"/><line number="1572" hits="0"/><line number="1573" hits="0"/><line number="1574" hits="0"/><line number="1575" hits="0"/><line number="1578" hits="0"/><line number="1580" hits="0"/><line number="1581" hits="0"/><line number="1583" hits="0"/><line number="1584" hits="0"/><line number="1586" hits="0"/><line number="1588" hits="0"/><line number="1589" hits="0"/><line number="1591" hits="0"/><line number="1592" hits="0"/><line number="1596" hits="0"/><line number="1597" hits="0"/><line number="1599" hits="0"/><line number="1600" hits="0"/><line number="1601" hits="0"/><line number="1602" hits="0"/><line number="1603" hits="0"/><line number="1604" hits="0"/><line number="1605" hits="0"/><line number="1606" hits="0"/><line number="1608" hits="0"/><line number="1622" hits="9"/><line number="1623" hits="18"/><line number="1624" hits="9"/><line number="1625" hits="18"/><line number="1629" hits="7"/><line number="1632" hits="0"/></lines></class><class name="wasi_helpers" filename="src/wasi_helpers.rs" line-rate="0.5930232558139535" branch-rate="0" complexity="0"><methods/><lines><line number="14" hits="1"/><line number="15" hits="1"/><line number="16" hits="1"/><line number="18" hits="0"/><line number="21" hits="0"/><line number="22" hits="0"/><line number="23" hits="0"/><line number="24" hits="0"/><line number="25" hits="0"/><line number="26" hits="0"/><line number="27" hits="0"/><line number="28" hits="0"/><line number="29" hits="0"/><line number="30" hits="0"/><line number="31" hits="0"/><line number="32" hits="0"/><line number="33" hits="0"/><line number="34" hits="0"/><line number="35" hits="0"/><line number="38" hits="0"/><line number="41" hits="1"/><line number="42" hits="1"/><line number="43" hits="1"/><line number="44" hits="1"/><line number="45" hits="0"/><line number="49" hits="0"/><line number="52" hits="0"/><line number="53" hits="0"/><line number="54" hits="0"/><line number="55" hits="0"/><line number="56" hits="0"/><line number="60" hits="1"/><line number="68" hits="1"/><line number="69" hits="1"/><line number="70" hits="1"/><line number="72" hits="1"/><line number="74" hits="1"/><line number="76" hits="1"/><line number="77" hits="1"/><line number="78" hits="2"/><line number="79" hits="1"/><line number="81" hits="1"/><line number="84" hits="1"/><line number="85" hits="1"/><line number="86" hits="1"/><line number="87" hits="0"/><line number="89" hits="1"/><line number="91" hits="1"/><line number="92" hits="1"/><line number="93" hits="0"/><line number="95" hits="1"/><line number="97" hits="1"/><line number="99" hits="1"/><line number="101" hits="1"/><line number="107" hits="2"/><line number="110" hits="1"/><line number="112" hits="0"/><line number="116" hits="1"/><line number="122" hits="1"/><line number="123" hits="2"/><line number="125" hits="1"/><line number="130" hits="1"/><line number="131" hits="1"/><line number="132" hits="1"/><line number="135" hits="1"/><line number="136" hits="1"/><line number="139" hits="1"/><line number="147" hits="1"/><line number="148" hits="1"/><line number="150" hits="1"/><line number="152" hits="1"/><line number="153" hits="1"/><line number="155" hits="1"/><line number="156" hits="1"/><line number="158" hits="1"/><line number="160" hits="1"/><line number="161" hits="1"/><line number="162" hits="1"/><line number="165" hits="0"/><line number="166" hits="0"/><line number="167" hits="0"/><line number="169" hits="0"/><line number="170" hits="0"/><line number="172" hits="0"/><line number="173" hits="0"/><line number="176" hits="0"/></lines></class><class name="wasi_mock" filename="src/wasi_mock.rs" line-rate="0.0029717682020802376" branch-rate="0" complexity="0"><methods/><lines><line number="24" hits="0"/><line number="25" hits="0"/><line number="28" hits="0"/><line number="29" hits="0"/><line number="30" hits="0"/><line number="31" hits="0"/><line number="32" hits="0"/><line number="33" hits="0"/><line number="37" hits="0"/><line number="38" hits="0"/><line number="40" hits="0"/><line number="44" hits="0"/><line number="49" hits="0"/><line number="50" hits="0"/><line number="56" hits="0"/><line number="57" hits="0"/><line number="59" hits="0"/><line number="60" hits="0"/><line number="223" hits="1"/><line number="224" hits="1"/><line number="227" hits="0"/><line number="228" hits="0"/><line number="229" hits="0"/><line number="230" hits="0"/><line number="231" hits="0"/><line number="232" hits="0"/><line number="233" hits="0"/><line number="234" hits="0"/><line number="235" hits="0"/><line number="236" hits="0"/><line number="237" hits="0"/><line number="238" hits="0"/><line number="239" hits="0"/><line number="240" hits="0"/><line number="241" hits="0"/><line number="242" hits="0"/><line number="243" hits="0"/><line number="244" hits="0"/><line number="245" hits="0"/><line number="246" hits="0"/><line number="247" hits="0"/><line number="248" hits="0"/><line number="249" hits="0"/><line number="250" hits="0"/><line number="251" hits="0"/><line number="252" hits="0"/><line number="253" hits="0"/><line number="254" hits="0"/><line number="255" hits="0"/><line number="256" hits="0"/><line number="257" hits="0"/><line number="258" hits="0"/><line number="259" hits="0"/><line number="260" hits="0"/><line number="261" hits="0"/><line number="262" hits="0"/><line number="263" hits="0"/><line number="264" hits="0"/><line number="265" hits="0"/><line number="266" hits="0"/><line number="267" hits="0"/><line number="268" hits="0"/><line number="269" hits="0"/><line number="270" hits="0"/><line number="271" hits="0"/><line number="272" hits="0"/><line number="273" hits="0"/><line number="274" hits="0"/><line number="275" hits="0"/><line number="276" hits="0"/><line number="277" hits="0"/><line number="278" hits="0"/><line number="279" hits="0"/><line number="280" hits="0"/><line number="281" hits="0"/><line number="282" hits="0"/><line number="283" hits="0"/><line number="284" hits="0"/><line number="285" hits="0"/><line number="286" hits="0"/><line number="287" hits="0"/><line number="288" hits="0"/><line number="289" hits="0"/><line number="290" hits="0"/><line number="291" hits="0"/><line number="292" hits="0"/><line number="293" hits="0"/><line number="294" hits="0"/><line number="295" hits="0"/><line number="296" hits="0"/><line number="297" hits="0"/><line number="298" hits="0"/><line number="299" hits="0"/><line number="300" hits="0"/><line number="301" hits="0"/><line number="302" hits="0"/><line number="303" hits="0"/><line number="304" hits="0"/><line number="305" hits="0"/><line number="309" hits="0"/><line number="310" hits="0"/><line number="311" hits="0"/><line number="312" hits="0"/><line number="313" hits="0"/><line number="314" hits="0"/><line number="315" hits="0"/><line number="316" hits="0"/><line number="317" hits="0"/><line number="318" hits="0"/><line number="319" hits="0"/><line number="320" hits="0"/><line number="321" hits="0"/><line number="322" hits="0"/><line number="323" hits="0"/><line number="324" hits="0"/><line number="325" hits="0"/><line number="326" hits="0"/><line number="327" hits="0"/><line number="328" hits="0"/><line number="329" hits="0"/><line number="330" hits="0"/><line number="331" hits="0"/><line number="332" hits="0"/><line number="333" hits="0"/><line number="334" hits="0"/><line number="335" hits="0"/><line number="336" hits="0"/><line number="337" hits="0"/><line number="338" hits="0"/><line number="339" hits="0"/><line number="340" hits="0"/><line number="341" hits="0"/><line number="342" hits="0"/><line number="343" hits="0"/><line number="344" hits="0"/><line number="345" hits="0"/><line number="346" hits="0"/><line number="347" hits="0"/><line number="348" hits="0"/><line number="349" hits="0"/><line number="350" hits="0"/><line number="351" hits="0"/><line number="352" hits="0"/><line number="353" hits="0"/><line number="354" hits="0"/><line number="355" hits="0"/><line number="356" hits="0"/><line number="357" hits="0"/><line number="358" hits="0"/><line number="359" hits="0"/><line number="360" hits="0"/><line number="361" hits="0"/><line number="362" hits="0"/><line number="363" hits="0"/><line number="364" hits="0"/><line number="365" hits="0"/><line number="366" hits="0"/><line number="367" hits="0"/><line number="368" hits="0"/><line number="369" hits="0"/><line number="370" hits="0"/><line number="371" hits="0"/><line number="372" hits="0"/><line number="373" hits="0"/><line number="374" hits="0"/><line number="375" hits="0"/><line number="376" hits="0"/><line number="377" hits="0"/><line number="378" hits="0"/><line number="379" hits="0"/><line number="380" hits="0"/><line number="381" hits="0"/><line number="382" hits="0"/><line number="383" hits="0"/><line number="384" hits="0"/><line number="385" hits="0"/><line number="386" hits="0"/><line number="387" hits="0"/><line number="393" hits="0"/><line number="394" hits="0"/><line number="396" hits="0"/><line number="397" hits="0"/><line number="402" hits="0"/><line number="403" hits="0"/><line number="516" hits="0"/><line number="517" hits="0"/><line number="520" hits="0"/><line number="521" hits="0"/><line number="522" hits="0"/><line number="523" hits="0"/><line number="524" hits="0"/><line number="528" hits="0"/><line number="529" hits="0"/><line number="530" hits="0"/><line number="531" hits="0"/><line number="532" hits="0"/><line number="538" hits="0"/><line number="539" hits="0"/><line number="541" hits="0"/><line number="542" hits="0"/><line number="570" hits="0"/><line number="571" hits="0"/><line number="574" hits="0"/><line number="575" hits="0"/><line number="576" hits="0"/><line number="577" hits="0"/><line number="578" hits="0"/><line number="579" hits="0"/><line number="580" hits="0"/><line number="581" hits="0"/><line number="582" hits="0"/><line number="583" hits="0"/><line number="587" hits="0"/><line number="592" hits="0"/><line number="593" hits="0"/><line number="595" hits="0"/><line number="596" hits="0"/><line number="629" hits="0"/><line number="630" hits="0"/><line number="633" hits="0"/><line number="634" hits="0"/><line number="635" hits="0"/><line number="636" hits="0"/><line number="637" hits="0"/><line number="638" hits="0"/><line number="639" hits="0"/><line number="640" hits="0"/><line number="644" hits="0"/><line number="649" hits="0"/><line number="650" hits="0"/><line number="652" hits="0"/><line number="653" hits="0"/><line number="745" hits="0"/><line number="746" hits="0"/><line number="749" hits="0"/><line number="750" hits="0"/><line number="751" hits="0"/><line number="752" hits="0"/><line number="753" hits="0"/><line number="757" hits="0"/><line number="758" hits="0"/><line number="760" hits="0"/><line number="764" hits="0"/><line number="768" hits="0"/><line number="776" hits="0"/><line number="777" hits="0"/><line number="779" hits="0"/><line number="780" hits="0"/><line number="958" hits="0"/><line number="959" hits="0"/><line number="962" hits="0"/><line number="963" hits="0"/><line number="964" hits="0"/><line number="965" hits="0"/><line number="966" hits="0"/><line number="967" hits="0"/><line number="968" hits="0"/><line number="969" hits="0"/><line number="970" hits="0"/><line number="971" hits="0"/><line number="972" hits="0"/><line number="973" hits="0"/><line number="974" hits="0"/><line number="975" hits="0"/><line number="976" hits="0"/><line number="977" hits="0"/><line number="978" hits="0"/><line number="979" hits="0"/><line number="980" hits="0"/><line number="981" hits="0"/><line number="982" hits="0"/><line number="983" hits="0"/><line number="984" hits="0"/><line number="985" hits="0"/><line number="986" hits="0"/><line number="987" hits="0"/><line number="988" hits="0"/><line number="989" hits="0"/><line number="990" hits="0"/><line number="991" hits="0"/><line number="992" hits="0"/><line number="993" hits="0"/><line number="994" hits="0"/><line number="998" hits="0"/><line number="999" hits="0"/><line number="1001" hits="0"/><line number="1005" hits="0"/><line number="1009" hits="0"/><line number="1013" hits="0"/><line number="1017" hits="0"/><line number="1021" hits="0"/><line number="1025" hits="0"/><line number="1029" hits="0"/><line number="1033" hits="0"/><line number="1037" hits="0"/><line number="1041" hits="0"/><line number="1045" hits="0"/><line number="1049" hits="0"/><line number="1053" hits="0"/><line number="1057" hits="0"/><line number="1061" hits="0"/><line number="1065" hits="0"/><line number="1069" hits="0"/><line number="1073" hits="0"/><line number="1077" hits="0"/><line number="1081" hits="0"/><line number="1085" hits="0"/><line number="1089" hits="0"/><line number="1093" hits="0"/><line number="1097" hits="0"/><line number="1101" hits="0"/><line number="1105" hits="0"/><line number="1109" hits="0"/><line number="1113" hits="0"/><line number="1117" hits="0"/><line number="1121" hits="0"/><line number="1129" hits="0"/><line number="1130" hits="0"/><line number="1132" hits="0"/><line number="1133" hits="0"/><line number="1161" hits="0"/><line number="1162" hits="0"/><line number="1165" hits="0"/><line number="1166" hits="0"/><line number="1171" hits="0"/><line number="1172" hits="0"/><line number="1179" hits="0"/><line number="1180" hits="0"/><line number="1182" hits="0"/><line number="1183" hits="0"/><line number="1209" hits="0"/><line number="1210" hits="0"/><line number="1211" hits="0"/><line number="1212" hits="0"/><line number="1213" hits="0"/><line number="1223" hits="0"/><line number="1224" hits="0"/><line number="1225" hits="0"/><line number="1226" hits="0"/><line number="1228" hits="0"/><line number="1229" hits="0"/><line number="1230" hits="0"/><line number="1231" hits="0"/><line number="1233" hits="0"/><line number="1240" hits="0"/><line number="1241" hits="0"/><line number="1242" hits="0"/><line number="1243" hits="0"/><line number="1244" hits="0"/><line number="1254" hits="0"/><line number="1255" hits="0"/><line number="1256" hits="0"/><line number="1257" hits="0"/><line number="1259" hits="0"/><line number="1260" hits="0"/><line number="1261" hits="0"/><line number="1262" hits="0"/><line number="1264" hits="0"/><line number="1280" hits="0"/><line number="1281" hits="0"/><line number="1282" hits="0"/><line number="1283" hits="0"/><line number="1284" hits="0"/><line number="1285" hits="0"/><line number="1300" hits="0"/><line number="1301" hits="0"/><line number="1305" hits="0"/><line number="1307" hits="0"/><line number="1308" hits="0"/><line number="1309" hits="0"/><line number="1321" hits="0"/><line number="1327" hits="0"/><line number="1329" hits="0"/><line number="1330" hits="0"/><line number="1331" hits="0"/><line number="1342" hits="0"/><line number="1343" hits="0"/><line number="1344" hits="0"/><line number="1345" hits="0"/><line number="1346" hits="0"/><line number="1352" hits="0"/><line number="1353" hits="0"/><line number="1354" hits="0"/><line number="1355" hits="0"/><line number="1356" hits="0"/><line number="1362" hits="0"/><line number="1363" hits="0"/><line number="1364" hits="0"/><line number="1365" hits="0"/><line number="1366" hits="0"/><line number="1376" hits="0"/><line number="1378" hits="0"/><line number="1379" hits="0"/><line number="1380" hits="0"/><line number="1381" hits="0"/><line number="1391" hits="0"/><line number="1392" hits="0"/><line number="1393" hits="0"/><line number="1394" hits="0"/><line number="1395" hits="0"/><line number="1405" hits="0"/><line number="1415" hits="0"/><line number="1416" hits="0"/><line number="1417" hits="0"/><line number="1426" hits="0"/><line number="1428" hits="0"/><line number="1429" hits="0"/><line number="1430" hits="0"/><line number="1431" hits="0"/><line number="1441" hits="0"/><line number="1442" hits="0"/><line number="1443" hits="0"/><line number="1444" hits="0"/><line number="1445" hits="0"/><line number="1457" hits="0"/><line number="1467" hits="0"/><line number="1469" hits="0"/><line number="1470" hits="0"/><line number="1471" hits="0"/><line number="1486" hits="0"/><line number="1487" hits="0"/><line number="1490" hits="0"/><line number="1491" hits="0"/><line number="1493" hits="0"/><line number="1495" hits="0"/><line number="1496" hits="0"/><line number="1497" hits="0"/><line number="1506" hits="0"/><line number="1508" hits="0"/><line number="1509" hits="0"/><line number="1510" hits="0"/><line number="1511" hits="0"/><line number="1520" hits="0"/><line number="1521" hits="0"/><line number="1522" hits="0"/><line number="1523" hits="0"/><line number="1524" hits="0"/><line number="1539" hits="0"/><line number="1540" hits="0"/><line number="1543" hits="0"/><line number="1544" hits="0"/><line number="1546" hits="0"/><line number="1548" hits="0"/><line number="1549" hits="0"/><line number="1550" hits="0"/><line number="1564" hits="0"/><line number="1565" hits="0"/><line number="1568" hits="0"/><line number="1569" hits="0"/><line number="1570" hits="0"/><line number="1572" hits="0"/><line number="1573" hits="0"/><line number="1574" hits="0"/><line number="1596" hits="0"/><line number="1602" hits="0"/><line number="1605" hits="0"/><line number="1606" hits="0"/><line number="1608" hits="0"/><line number="1610" hits="0"/><line number="1611" hits="0"/><line number="1612" hits="0"/><line number="1628" hits="0"/><line number="1629" hits="0"/><line number="1631" hits="0"/><line number="1632" hits="0"/><line number="1633" hits="0"/><line number="1648" hits="0"/><line number="1649" hits="0"/><line number="1653" hits="0"/><line number="1654" hits="0"/><line number="1656" hits="0"/><line number="1657" hits="0"/><line number="1658" hits="0"/><line number="1664" hits="0"/><line number="1665" hits="0"/><line number="1666" hits="0"/><line number="1667" hits="0"/><line number="1668" hits="0"/><line number="1678" hits="0"/><line number="1679" hits="0"/><line number="1680" hits="0"/><line number="1681" hits="0"/><line number="1682" hits="0"/><line number="1683" hits="0"/><line number="1693" hits="0"/><line number="1694" hits="0"/><line number="1697" hits="0"/><line number="1698" hits="0"/><line number="1699" hits="0"/><line number="1701" hits="0"/><line number="1702" hits="0"/><line number="1703" hits="0"/><line number="1713" hits="0"/><line number="1716" hits="0"/><line number="1717" hits="0"/><line number="1719" hits="0"/><line number="1720" hits="0"/><line number="1721" hits="0"/><line number="1736" hits="0"/><line number="1741" hits="0"/><line number="1742" hits="0"/><line number="1743" hits="0"/><line number="1745" hits="0"/><line number="1746" hits="0"/><line number="1747" hits="0"/><line number="1761" hits="0"/><line number="1772" hits="0"/><line number="1773" hits="0"/><line number="1776" hits="0"/><line number="1778" hits="0"/><line number="1779" hits="0"/><line number="1780" hits="0"/><line number="1793" hits="0"/><line number="1803" hits="0"/><line number="1804" hits="0"/><line number="1806" hits="0"/><line number="1807" hits="0"/><line number="1809" hits="0"/><line number="1810" hits="0"/><line number="1811" hits="0"/><line number="1840" hits="0"/><line number="1849" hits="0"/><line number="1853" hits="0"/><line number="1854" hits="0"/><line number="1855" hits="0"/><line number="1858" hits="0"/><line number="1859" hits="0"/><line number="1861" hits="0"/><line number="1862" hits="0"/><line number="1863" hits="0"/><line number="1878" hits="0"/><line number="1884" hits="0"/><line number="1887" hits="0"/><line number="1888" hits="0"/><line number="1889" hits="0"/><line number="1890" hits="0"/><line number="1891" hits="0"/><line number="1893" hits="0"/><line number="1894" hits="0"/><line number="1895" hits="0"/><line number="1906" hits="0"/><line number="1909" hits="0"/><line number="1910" hits="0"/><line number="1912" hits="0"/><line number="1913" hits="0"/><line number="1914" hits="0"/><line number="1926" hits="0"/><line number="1929" hits="0"/><line number="1930" hits="0"/><line number="1932" hits="0"/><line number="1933" hits="0"/><line number="1935" hits="0"/><line number="1936" hits="0"/><line number="1937" hits="0"/><line number="1948" hits="0"/><line number="1950" hits="0"/><line number="1951" hits="0"/><line number="1953" hits="0"/><line number="1954" hits="0"/><line number="1956" hits="0"/><line number="1957" hits="0"/><line number="1958" hits="0"/><line number="1969" hits="0"/><line number="1972" hits="0"/><line number="1973" hits="0"/><line number="1975" hits="0"/><line number="1976" hits="0"/><line number="1977" hits="0"/><line number="1992" hits="0"/><line number="1997" hits="0"/><line number="1999" hits="0"/><line number="2000" hits="0"/><line number="2001" hits="0"/><line number="2002" hits="0"/><line number="2004" hits="0"/><line number="2005" hits="0"/><line number="2006" hits="0"/><line number="2017" hits="0"/><line number="2018" hits="0"/><line number="2027" hits="0"/><line number="2028" hits="0"/><line number="2029" hits="0"/><line number="2030" hits="0"/><line number="2031" hits="0"/><line number="2037" hits="0"/><line number="2038" hits="0"/><line number="2039" hits="0"/><line number="2040" hits="0"/><line number="2041" hits="0"/><line number="2055" hits="0"/><line number="2056" hits="0"/><line number="2057" hits="0"/><line number="2058" hits="0"/><line number="2059" hits="0"/><line number="2074" hits="0"/><line number="2075" hits="0"/><line number="2076" hits="0"/><line number="2077" hits="0"/><line number="2078" hits="0"/><line number="2079" hits="0"/><line number="2095" hits="0"/><line number="2100" hits="0"/><line number="2101" hits="0"/><line number="2104" hits="0"/><line number="2105" hits="0"/><line number="2106" hits="0"/><line number="2107" hits="0"/><line number="2108" hits="0"/><line number="2110" hits="0"/><line number="2111" hits="0"/><line number="2112" hits="0"/><line number="2113" hits="0"/><line number="2115" hits="0"/><line number="2131" hits="0"/><line number="2136" hits="0"/><line number="2139" hits="0"/><line number="2140" hits="0"/><line number="2141" hits="0"/><line number="2142" hits="0"/><line number="2144" hits="0"/><line number="2145" hits="0"/><line number="2146" hits="0"/><line number="2156" hits="0"/><line number="2157" hits="0"/><line number="2158" hits="0"/><line number="2159" hits="0"/><line number="2160" hits="0"/><line number="2168" hits="0"/><line number="2172" hits="0"/><line number="2178" hits="0"/><line number="2182" hits="0"/><line number="2189" hits="0"/><line number="2194" hits="0"/><line number="2199" hits="0"/><line number="2204" hits="0"/><line number="2209" hits="0"/><line number="2214" hits="0"/><line number="2219" hits="0"/><line number="2224" hits="0"/><line number="2229" hits="0"/><line number="2233" hits="0"/><line number="2238" hits="0"/><line number="2243" hits="0"/><line number="2248" hits="0"/><line number="2252" hits="0"/><line number="2256" hits="0"/><line number="2261" hits="0"/><line number="2266" hits="0"/><line number="2278" hits="0"/><line number="2289" hits="0"/><line number="2294" hits="0"/><line number="2299" hits="0"/><line number="2304" hits="0"/><line number="2309" hits="0"/><line number="2314" hits="0"/><line number="2319" hits="0"/><line number="2324" hits="0"/><line number="2337" hits="0"/><line number="2355" hits="0"/><line number="2370" hits="0"/><line number="2376" hits="0"/><line number="2381" hits="0"/><line number="2386" hits="0"/><line number="2392" hits="0"/><line number="2396" hits="0"/><line number="2402" hits="0"/><line number="2403" hits="0"/><line number="2407" hits="0"/><line number="2421" hits="0"/><line number="2426" hits="0"/><line number="2432" hits="0"/><line number="2438" hits="0"/><line number="2443" hits="0"/></lines></class></classes></package></packages></coverage>